<?xml version="1.0" encoding="UTF-8"?>
<testsuites name="Mocha Tests" time="0.0270" tests="2" failures="1">
  <testsuite name="Root Suite" timestamp="2020-11-06T21:28:24" tests="0" time="0.0000" failures="0">
  </testsuite>
  <testsuite name="result" timestamp="2020-11-06T21:28:24" tests="2" file="/home/milena/Desktop/Proyecto-Integrador/example-voting-app/result/Integration Test/result_test.js" time="0.0270" failures="1">
    <testcase name="result: Verify a successful call" time="0.0250" classname="Verify a successful call">
    </testcase>
    <testcase name="result: I vote cats!" time="0.0020" classname="I vote cats!">
      <failure message="I.click is not a function" type="TypeError"><![CDATA[TypeError: I.click is not a function
    at Test.<anonymous> (result_test.js:12:5)
    at Context.test.fn (node_modules/codeceptjs/lib/scenario.js:91:14)]]></failure>
    </testcase>
  </testsuite>
</testsuites>